FILE - PID[5880] 2021-01-08 18:24:50 - Hello DEBUG
FILE - PID[5880] 2021-01-08 18:24:50 - Hello INFO
FILE - PID[5880] 2021-01-08 18:24:50 - Hello WARN
FILE - PID[5880] 2021-01-08 18:24:50 - Hello ERROR
FILE - PID[5880] 2021-01-08 18:24:54 - Hello Trace
FILE - PID[5880] 2021-01-08 18:24:54 - Hello DEBUG
FILE - PID[5880] 2021-01-08 18:24:54 - Hello INFO
FILE - PID[5880] 2021-01-08 18:24:54 - Hello WARN
FILE - PID[5880] 2021-01-08 18:24:54 - Hello ERROR
FILE - PID[13431] 2021-01-08 19:50:53 - Property 'spring.profiles' imported from location 'class path resource [application.yml]' is invalid and should be replaced with 'spring.config.activate.on-profile' [origin: class path resource [application.yml] - 9:13]
FILE - PID[13508] 2021-01-08 19:51:05 - Property 'spring.profiles' imported from location 'class path resource [application.yml]' is invalid and should be replaced with 'spring.config.activate.on-profile' [origin: class path resource [application.yml] - 9:13]
FILE - PID[13508] 2021-01-08 19:51:09 - Index DEBUG
FILE - PID[13508] 2021-01-08 19:51:09 - Index INFO
FILE - PID[13508] 2021-01-08 19:51:09 - Index WARN
FILE - PID[13508] 2021-01-08 19:51:09 - Index ERROR
FILE - PID[13508] 2021-01-08 19:51:09 - Index DEBUG
FILE - PID[13508] 2021-01-08 19:51:09 - Index INFO
FILE - PID[13508] 2021-01-08 19:51:09 - Index WARN
FILE - PID[13508] 2021-01-08 19:51:09 - Index ERROR
FILE - PID[13508] 2021-01-08 19:51:09 - Index DEBUG
FILE - PID[13508] 2021-01-08 19:51:09 - Index INFO
FILE - PID[13508] 2021-01-08 19:51:09 - Index WARN
FILE - PID[13508] 2021-01-08 19:51:09 - Index ERROR
FILE - PID[13508] 2021-01-08 19:51:09 - Index DEBUG
FILE - PID[13508] 2021-01-08 19:51:09 - Index INFO
FILE - PID[13508] 2021-01-08 19:51:09 - Index WARN
FILE - PID[13508] 2021-01-08 19:51:09 - Index ERROR
FILE - PID[13508] 2021-01-08 19:51:10 - Index DEBUG
FILE - PID[13508] 2021-01-08 19:51:10 - Index INFO
FILE - PID[13508] 2021-01-08 19:51:10 - Index WARN
FILE - PID[13508] 2021-01-08 19:51:10 - Index ERROR
FILE - PID[13508] 2021-01-08 19:51:13 - Index DEBUG
FILE - PID[13508] 2021-01-08 19:51:13 - Index INFO
FILE - PID[13508] 2021-01-08 19:51:13 - Index WARN
FILE - PID[13508] 2021-01-08 19:51:13 - Index ERROR
FILE - PID[13508] 2021-01-08 19:51:13 - Index DEBUG
FILE - PID[13508] 2021-01-08 19:51:13 - Index INFO
FILE - PID[13508] 2021-01-08 19:51:13 - Index WARN
FILE - PID[13508] 2021-01-08 19:51:13 - Index ERROR
FILE - PID[13508] 2021-01-08 19:51:13 - Index DEBUG
FILE - PID[13508] 2021-01-08 19:51:13 - Index INFO
FILE - PID[13508] 2021-01-08 19:51:13 - Index WARN
FILE - PID[13508] 2021-01-08 19:51:13 - Index ERROR
FILE - PID[13508] 2021-01-08 19:51:13 - Index DEBUG
FILE - PID[13508] 2021-01-08 19:51:13 - Index INFO
FILE - PID[13508] 2021-01-08 19:51:13 - Index WARN
FILE - PID[13508] 2021-01-08 19:51:13 - Index ERROR
FILE - PID[13508] 2021-01-08 19:51:13 - Index DEBUG
FILE - PID[13508] 2021-01-08 19:51:13 - Index INFO
FILE - PID[13508] 2021-01-08 19:51:13 - Index WARN
FILE - PID[13508] 2021-01-08 19:51:13 - Index ERROR
FILE - PID[13508] 2021-01-08 19:51:13 - Index DEBUG
FILE - PID[13508] 2021-01-08 19:51:13 - Index INFO
FILE - PID[13508] 2021-01-08 19:51:13 - Index WARN
FILE - PID[13508] 2021-01-08 19:51:13 - Index ERROR
FILE - PID[13508] 2021-01-08 19:51:14 - Index DEBUG
FILE - PID[13508] 2021-01-08 19:51:14 - Index INFO
FILE - PID[13508] 2021-01-08 19:51:14 - Index WARN
FILE - PID[13508] 2021-01-08 19:51:14 - Index ERROR
FILE - PID[13508] 2021-01-08 19:51:14 - Index DEBUG
FILE - PID[13508] 2021-01-08 19:51:14 - Index INFO
FILE - PID[13508] 2021-01-08 19:51:14 - Index WARN
FILE - PID[13508] 2021-01-08 19:51:14 - Index ERROR
FILE - PID[13508] 2021-01-08 19:51:14 - Index DEBUG
FILE - PID[13508] 2021-01-08 19:51:14 - Index INFO
FILE - PID[13508] 2021-01-08 19:51:14 - Index WARN
FILE - PID[13508] 2021-01-08 19:51:14 - Index ERROR
FILE - PID[13508] 2021-01-08 19:51:14 - Index DEBUG
FILE - PID[13508] 2021-01-08 19:51:14 - Index INFO
FILE - PID[13508] 2021-01-08 19:51:14 - Index WARN
FILE - PID[13508] 2021-01-08 19:51:14 - Index ERROR
FILE - PID[13508] 2021-01-08 19:51:14 - Index DEBUG
FILE - PID[13508] 2021-01-08 19:51:14 - Index INFO
FILE - PID[13508] 2021-01-08 19:51:14 - Index WARN
FILE - PID[13508] 2021-01-08 19:51:14 - Index ERROR
FILE - PID[13508] 2021-01-08 19:51:14 - Index DEBUG
FILE - PID[13508] 2021-01-08 19:51:14 - Index INFO
FILE - PID[13508] 2021-01-08 19:51:14 - Index WARN
FILE - PID[13508] 2021-01-08 19:51:14 - Index ERROR
FILE - PID[13508] 2021-01-08 19:51:15 - Index DEBUG
FILE - PID[13508] 2021-01-08 19:51:15 - Index INFO
FILE - PID[13508] 2021-01-08 19:51:15 - Index WARN
FILE - PID[13508] 2021-01-08 19:51:15 - Index ERROR
FILE - PID[13508] 2021-01-08 19:51:15 - Index DEBUG
FILE - PID[13508] 2021-01-08 19:51:15 - Index INFO
FILE - PID[13508] 2021-01-08 19:51:15 - Index WARN
FILE - PID[13508] 2021-01-08 19:51:15 - Index ERROR
FILE - PID[13508] 2021-01-08 19:51:15 - Index DEBUG
FILE - PID[13508] 2021-01-08 19:51:15 - Index INFO
FILE - PID[13508] 2021-01-08 19:51:15 - Index WARN
FILE - PID[13508] 2021-01-08 19:51:15 - Index ERROR
FILE - PID[13508] 2021-01-08 19:51:15 - Index DEBUG
FILE - PID[13508] 2021-01-08 19:51:15 - Index INFO
FILE - PID[13508] 2021-01-08 19:51:15 - Index WARN
FILE - PID[13508] 2021-01-08 19:51:15 - Index ERROR
FILE - PID[13508] 2021-01-08 19:51:15 - Index DEBUG
FILE - PID[13508] 2021-01-08 19:51:15 - Index INFO
